CRITICAL - 2025-04-14 07:23:48 --> Error: Class "App\Models\Md_formapply" not found
[Method: GET, Route: getformregistration]
in APPPATH/Controllers/Formapply.php on line 11.
 1 SYSTEMPATH/CodeIgniter.php(903): App\Controllers\Formapply->__construct()
 2 SYSTEMPATH/CodeIgniter.php(498): CodeIgniter\CodeIgniter->createController()
 3 SYSTEMPATH/CodeIgniter.php(354): CodeIgniter\CodeIgniter->handleRequest()
 4 SYSTEMPATH/Boot.php(334): CodeIgniter\CodeIgniter->run()
 5 SYSTEMPATH/Boot.php(67): CodeIgniter\Boot::runCodeIgniter()
 6 FCPATH/index.php(56): CodeIgniter\Boot::bootWeb()
CRITICAL - 2025-04-14 07:36:52 --> Error: Class "App\Models\Md_registration" not found
[Method: GET, Route: getformregistration]
in APPPATH/Controllers/Formapply.php on line 11.
 1 SYSTEMPATH/CodeIgniter.php(903): App\Controllers\Formapply->__construct()
 2 SYSTEMPATH/CodeIgniter.php(498): CodeIgniter\CodeIgniter->createController()
 3 SYSTEMPATH/CodeIgniter.php(354): CodeIgniter\CodeIgniter->handleRequest()
 4 SYSTEMPATH/Boot.php(334): CodeIgniter\CodeIgniter->run()
 5 SYSTEMPATH/Boot.php(67): CodeIgniter\Boot::runCodeIgniter()
 6 FCPATH/index.php(56): CodeIgniter\Boot::bootWeb()
CRITICAL - 2025-04-14 07:37:32 --> Error: Class "App\Models\Md_formregistration" not found
[Method: GET, Route: getformregistration]
in APPPATH/Controllers/Formapply.php on line 11.
 1 SYSTEMPATH/CodeIgniter.php(903): App\Controllers\Formapply->__construct()
 2 SYSTEMPATH/CodeIgniter.php(498): CodeIgniter\CodeIgniter->createController()
 3 SYSTEMPATH/CodeIgniter.php(354): CodeIgniter\CodeIgniter->handleRequest()
 4 SYSTEMPATH/Boot.php(334): CodeIgniter\CodeIgniter->run()
 5 SYSTEMPATH/Boot.php(67): CodeIgniter\Boot::runCodeIgniter()
 6 FCPATH/index.php(56): CodeIgniter\Boot::bootWeb()
CRITICAL - 2025-04-14 07:46:41 --> Error: Class "App\Models\Md_formregistration" not found
[Method: GET, Route: getformregistration]
in APPPATH/Controllers/Formapply.php on line 11.
 1 SYSTEMPATH/CodeIgniter.php(903): App\Controllers\Formapply->__construct()
 2 SYSTEMPATH/CodeIgniter.php(498): CodeIgniter\CodeIgniter->createController()
 3 SYSTEMPATH/CodeIgniter.php(354): CodeIgniter\CodeIgniter->handleRequest()
 4 SYSTEMPATH/Boot.php(334): CodeIgniter\CodeIgniter->run()
 5 SYSTEMPATH/Boot.php(67): CodeIgniter\Boot::runCodeIgniter()
 6 FCPATH/index.php(56): CodeIgniter\Boot::bootWeb()
CRITICAL - 2025-04-14 07:49:44 --> Error: Class "App\Models\Md_formregistration" not found
[Method: GET, Route: getformregistration]
in APPPATH/Controllers/Formapply.php on line 11.
 1 SYSTEMPATH/CodeIgniter.php(903): App\Controllers\Formapply->__construct()
 2 SYSTEMPATH/CodeIgniter.php(498): CodeIgniter\CodeIgniter->createController()
 3 SYSTEMPATH/CodeIgniter.php(354): CodeIgniter\CodeIgniter->handleRequest()
 4 SYSTEMPATH/Boot.php(334): CodeIgniter\CodeIgniter->run()
 5 SYSTEMPATH/Boot.php(67): CodeIgniter\Boot::runCodeIgniter()
 6 FCPATH/index.php(56): CodeIgniter\Boot::bootWeb()
CRITICAL - 2025-04-14 07:51:14 --> Error: Class "App\Models\Md_formregistration" not found
[Method: GET, Route: getformregistration]
in APPPATH/Controllers/Formapply.php on line 11.
 1 SYSTEMPATH/CodeIgniter.php(903): App\Controllers\Formapply->__construct()
 2 SYSTEMPATH/CodeIgniter.php(498): CodeIgniter\CodeIgniter->createController()
 3 SYSTEMPATH/CodeIgniter.php(354): CodeIgniter\CodeIgniter->handleRequest()
 4 SYSTEMPATH/Boot.php(334): CodeIgniter\CodeIgniter->run()
 5 SYSTEMPATH/Boot.php(67): CodeIgniter\Boot::runCodeIgniter()
 6 FCPATH/index.php(56): CodeIgniter\Boot::bootWeb()
CRITICAL - 2025-04-14 07:52:07 --> Error: Class "App\Models\Md_formregistration" not found
[Method: GET, Route: getformregistration]
in APPPATH/Controllers/Formapply.php on line 11.
 1 SYSTEMPATH/CodeIgniter.php(903): App\Controllers\Formapply->__construct()
 2 SYSTEMPATH/CodeIgniter.php(498): CodeIgniter\CodeIgniter->createController()
 3 SYSTEMPATH/CodeIgniter.php(354): CodeIgniter\CodeIgniter->handleRequest()
 4 SYSTEMPATH/Boot.php(334): CodeIgniter\CodeIgniter->run()
 5 SYSTEMPATH/Boot.php(67): CodeIgniter\Boot::runCodeIgniter()
 6 FCPATH/index.php(56): CodeIgniter\Boot::bootWeb()
CRITICAL - 2025-04-14 07:52:47 --> Error: Class "App\Models\Md_formregistration" not found
[Method: GET, Route: getformregistration]
in APPPATH/Controllers/Formapply.php on line 11.
 1 SYSTEMPATH/CodeIgniter.php(903): App\Controllers\Formapply->__construct()
 2 SYSTEMPATH/CodeIgniter.php(498): CodeIgniter\CodeIgniter->createController()
 3 SYSTEMPATH/CodeIgniter.php(354): CodeIgniter\CodeIgniter->handleRequest()
 4 SYSTEMPATH/Boot.php(334): CodeIgniter\CodeIgniter->run()
 5 SYSTEMPATH/Boot.php(67): CodeIgniter\Boot::runCodeIgniter()
 6 FCPATH/index.php(56): CodeIgniter\Boot::bootWeb()
CRITICAL - 2025-04-14 07:53:20 --> Error: Class "App\Models\Md_formregistration" not found
[Method: GET, Route: getformregistration]
in APPPATH/Controllers/Formapply.php on line 10.
 1 SYSTEMPATH/CodeIgniter.php(903): App\Controllers\Formapply->__construct()
 2 SYSTEMPATH/CodeIgniter.php(498): CodeIgniter\CodeIgniter->createController()
 3 SYSTEMPATH/CodeIgniter.php(354): CodeIgniter\CodeIgniter->handleRequest()
 4 SYSTEMPATH/Boot.php(334): CodeIgniter\CodeIgniter->run()
 5 SYSTEMPATH/Boot.php(67): CodeIgniter\Boot::runCodeIgniter()
 6 FCPATH/index.php(56): CodeIgniter\Boot::bootWeb()
WARNING - 2025-04-14 07:55:43 --> [DEPRECATED] Creation of dynamic property App\Controllers\Formapply::$Md_formregistration is deprecated in APPPATH/Controllers/Formapply.php on line 10.
 1 SYSTEMPATH/CodeIgniter.php(903): App\Controllers\Formapply->__construct()
 2 SYSTEMPATH/CodeIgniter.php(498): CodeIgniter\CodeIgniter->createController()
 3 SYSTEMPATH/CodeIgniter.php(354): CodeIgniter\CodeIgniter->handleRequest(null, Object(Config\Cache), false)
 4 SYSTEMPATH/Boot.php(334): CodeIgniter\CodeIgniter->run()
 5 SYSTEMPATH/Boot.php(67): CodeIgniter\Boot::runCodeIgniter(Object(CodeIgniter\CodeIgniter))
 6 FCPATH/index.php(56): CodeIgniter\Boot::bootWeb(Object(Config\Paths))
WARNING - 2025-04-14 07:56:11 --> [DEPRECATED] Creation of dynamic property App\Controllers\Formapply::$Md_formregistration is deprecated in APPPATH/Controllers/Formapply.php on line 10.
 1 SYSTEMPATH/CodeIgniter.php(903): App\Controllers\Formapply->__construct()
 2 SYSTEMPATH/CodeIgniter.php(498): CodeIgniter\CodeIgniter->createController()
 3 SYSTEMPATH/CodeIgniter.php(354): CodeIgniter\CodeIgniter->handleRequest(null, Object(Config\Cache), false)
 4 SYSTEMPATH/Boot.php(334): CodeIgniter\CodeIgniter->run()
 5 SYSTEMPATH/Boot.php(67): CodeIgniter\Boot::runCodeIgniter(Object(CodeIgniter\CodeIgniter))
 6 FCPATH/index.php(56): CodeIgniter\Boot::bootWeb(Object(Config\Paths))
WARNING - 2025-04-14 07:58:49 --> [DEPRECATED] Creation of dynamic property App\Controllers\Formapply::$Md_formregistration is deprecated in APPPATH/Controllers/Formapply.php on line 10.
 1 SYSTEMPATH/CodeIgniter.php(903): App\Controllers\Formapply->__construct()
 2 SYSTEMPATH/CodeIgniter.php(498): CodeIgniter\CodeIgniter->createController()
 3 SYSTEMPATH/CodeIgniter.php(354): CodeIgniter\CodeIgniter->handleRequest(null, Object(Config\Cache), false)
 4 SYSTEMPATH/Boot.php(334): CodeIgniter\CodeIgniter->run()
 5 SYSTEMPATH/Boot.php(67): CodeIgniter\Boot::runCodeIgniter(Object(CodeIgniter\CodeIgniter))
 6 FCPATH/index.php(56): CodeIgniter\Boot::bootWeb(Object(Config\Paths))
WARNING - 2025-04-14 07:59:05 --> [DEPRECATED] Creation of dynamic property App\Controllers\Formapply::$Md_formregistration is deprecated in APPPATH/Controllers/Formapply.php on line 10.
 1 SYSTEMPATH/CodeIgniter.php(903): App\Controllers\Formapply->__construct()
 2 SYSTEMPATH/CodeIgniter.php(498): CodeIgniter\CodeIgniter->createController()
 3 SYSTEMPATH/CodeIgniter.php(354): CodeIgniter\CodeIgniter->handleRequest(null, Object(Config\Cache), false)
 4 SYSTEMPATH/Boot.php(334): CodeIgniter\CodeIgniter->run()
 5 SYSTEMPATH/Boot.php(67): CodeIgniter\Boot::runCodeIgniter(Object(CodeIgniter\CodeIgniter))
 6 FCPATH/index.php(56): CodeIgniter\Boot::bootWeb(Object(Config\Paths))
WARNING - 2025-04-14 07:59:33 --> [DEPRECATED] Creation of dynamic property App\Controllers\Formapply::$Md_formregistration is deprecated in APPPATH/Controllers/Formapply.php on line 10.
 1 SYSTEMPATH/CodeIgniter.php(903): App\Controllers\Formapply->__construct()
 2 SYSTEMPATH/CodeIgniter.php(498): CodeIgniter\CodeIgniter->createController()
 3 SYSTEMPATH/CodeIgniter.php(354): CodeIgniter\CodeIgniter->handleRequest(null, Object(Config\Cache), false)
 4 SYSTEMPATH/Boot.php(334): CodeIgniter\CodeIgniter->run()
 5 SYSTEMPATH/Boot.php(67): CodeIgniter\Boot::runCodeIgniter(Object(CodeIgniter\CodeIgniter))
 6 FCPATH/index.php(56): CodeIgniter\Boot::bootWeb(Object(Config\Paths))
WARNING - 2025-04-14 07:59:51 --> [DEPRECATED] Creation of dynamic property App\Controllers\Formapply::$Md_formregistration is deprecated in APPPATH/Controllers/Formapply.php on line 10.
 1 SYSTEMPATH/CodeIgniter.php(903): App\Controllers\Formapply->__construct()
 2 SYSTEMPATH/CodeIgniter.php(498): CodeIgniter\CodeIgniter->createController()
 3 SYSTEMPATH/CodeIgniter.php(354): CodeIgniter\CodeIgniter->handleRequest(null, Object(Config\Cache), false)
 4 SYSTEMPATH/Boot.php(334): CodeIgniter\CodeIgniter->run()
 5 SYSTEMPATH/Boot.php(67): CodeIgniter\Boot::runCodeIgniter(Object(CodeIgniter\CodeIgniter))
 6 FCPATH/index.php(56): CodeIgniter\Boot::bootWeb(Object(Config\Paths))
WARNING - 2025-04-14 08:00:07 --> [DEPRECATED] Creation of dynamic property App\Controllers\Formapply::$Md_formregistration is deprecated in APPPATH/Controllers/Formapply.php on line 10.
 1 SYSTEMPATH/CodeIgniter.php(903): App\Controllers\Formapply->__construct()
 2 SYSTEMPATH/CodeIgniter.php(498): CodeIgniter\CodeIgniter->createController()
 3 SYSTEMPATH/CodeIgniter.php(354): CodeIgniter\CodeIgniter->handleRequest(null, Object(Config\Cache), false)
 4 SYSTEMPATH/Boot.php(334): CodeIgniter\CodeIgniter->run()
 5 SYSTEMPATH/Boot.php(67): CodeIgniter\Boot::runCodeIgniter(Object(CodeIgniter\CodeIgniter))
 6 FCPATH/index.php(56): CodeIgniter\Boot::bootWeb(Object(Config\Paths))
WARNING - 2025-04-14 08:00:17 --> [DEPRECATED] Creation of dynamic property App\Controllers\Formapply::$Md_formregistration is deprecated in APPPATH/Controllers/Formapply.php on line 10.
 1 SYSTEMPATH/CodeIgniter.php(903): App\Controllers\Formapply->__construct()
 2 SYSTEMPATH/CodeIgniter.php(498): CodeIgniter\CodeIgniter->createController()
 3 SYSTEMPATH/CodeIgniter.php(354): CodeIgniter\CodeIgniter->handleRequest(null, Object(Config\Cache), false)
 4 SYSTEMPATH/Boot.php(334): CodeIgniter\CodeIgniter->run()
 5 SYSTEMPATH/Boot.php(67): CodeIgniter\Boot::runCodeIgniter(Object(CodeIgniter\CodeIgniter))
 6 FCPATH/index.php(56): CodeIgniter\Boot::bootWeb(Object(Config\Paths))
WARNING - 2025-04-14 08:00:39 --> [DEPRECATED] Creation of dynamic property App\Controllers\Formapply::$Md_formregistration is deprecated in APPPATH/Controllers/Formapply.php on line 10.
 1 SYSTEMPATH/CodeIgniter.php(903): App\Controllers\Formapply->__construct()
 2 SYSTEMPATH/CodeIgniter.php(498): CodeIgniter\CodeIgniter->createController()
 3 SYSTEMPATH/CodeIgniter.php(354): CodeIgniter\CodeIgniter->handleRequest(null, Object(Config\Cache), false)
 4 SYSTEMPATH/Boot.php(334): CodeIgniter\CodeIgniter->run()
 5 SYSTEMPATH/Boot.php(67): CodeIgniter\Boot::runCodeIgniter(Object(CodeIgniter\CodeIgniter))
 6 FCPATH/index.php(56): CodeIgniter\Boot::bootWeb(Object(Config\Paths))
WARNING - 2025-04-14 08:00:58 --> [DEPRECATED] Creation of dynamic property App\Controllers\Formapply::$Md_formregistration is deprecated in APPPATH/Controllers/Formapply.php on line 10.
 1 SYSTEMPATH/CodeIgniter.php(903): App\Controllers\Formapply->__construct()
 2 SYSTEMPATH/CodeIgniter.php(498): CodeIgniter\CodeIgniter->createController()
 3 SYSTEMPATH/CodeIgniter.php(354): CodeIgniter\CodeIgniter->handleRequest(null, Object(Config\Cache), false)
 4 SYSTEMPATH/Boot.php(334): CodeIgniter\CodeIgniter->run()
 5 SYSTEMPATH/Boot.php(67): CodeIgniter\Boot::runCodeIgniter(Object(CodeIgniter\CodeIgniter))
 6 FCPATH/index.php(56): CodeIgniter\Boot::bootWeb(Object(Config\Paths))
WARNING - 2025-04-14 08:01:14 --> [DEPRECATED] Creation of dynamic property App\Controllers\Formapply::$Md_formregistration is deprecated in APPPATH/Controllers/Formapply.php on line 10.
 1 SYSTEMPATH/CodeIgniter.php(903): App\Controllers\Formapply->__construct()
 2 SYSTEMPATH/CodeIgniter.php(498): CodeIgniter\CodeIgniter->createController()
 3 SYSTEMPATH/CodeIgniter.php(354): CodeIgniter\CodeIgniter->handleRequest(null, Object(Config\Cache), false)
 4 SYSTEMPATH/Boot.php(334): CodeIgniter\CodeIgniter->run()
 5 SYSTEMPATH/Boot.php(67): CodeIgniter\Boot::runCodeIgniter(Object(CodeIgniter\CodeIgniter))
 6 FCPATH/index.php(56): CodeIgniter\Boot::bootWeb(Object(Config\Paths))
WARNING - 2025-04-14 08:01:25 --> [DEPRECATED] Creation of dynamic property App\Controllers\Formapply::$Md_formregistration is deprecated in APPPATH/Controllers/Formapply.php on line 10.
 1 SYSTEMPATH/CodeIgniter.php(903): App\Controllers\Formapply->__construct()
 2 SYSTEMPATH/CodeIgniter.php(498): CodeIgniter\CodeIgniter->createController()
 3 SYSTEMPATH/CodeIgniter.php(354): CodeIgniter\CodeIgniter->handleRequest(null, Object(Config\Cache), false)
 4 SYSTEMPATH/Boot.php(334): CodeIgniter\CodeIgniter->run()
 5 SYSTEMPATH/Boot.php(67): CodeIgniter\Boot::runCodeIgniter(Object(CodeIgniter\CodeIgniter))
 6 FCPATH/index.php(56): CodeIgniter\Boot::bootWeb(Object(Config\Paths))
WARNING - 2025-04-14 08:01:35 --> [DEPRECATED] Creation of dynamic property App\Controllers\Formapply::$Md_formregistration is deprecated in APPPATH/Controllers/Formapply.php on line 10.
 1 SYSTEMPATH/CodeIgniter.php(903): App\Controllers\Formapply->__construct()
 2 SYSTEMPATH/CodeIgniter.php(498): CodeIgniter\CodeIgniter->createController()
 3 SYSTEMPATH/CodeIgniter.php(354): CodeIgniter\CodeIgniter->handleRequest(null, Object(Config\Cache), false)
 4 SYSTEMPATH/Boot.php(334): CodeIgniter\CodeIgniter->run()
 5 SYSTEMPATH/Boot.php(67): CodeIgniter\Boot::runCodeIgniter(Object(CodeIgniter\CodeIgniter))
 6 FCPATH/index.php(56): CodeIgniter\Boot::bootWeb(Object(Config\Paths))
WARNING - 2025-04-14 08:01:45 --> [DEPRECATED] Creation of dynamic property App\Controllers\Formapply::$Md_formregistration is deprecated in APPPATH/Controllers/Formapply.php on line 10.
 1 SYSTEMPATH/CodeIgniter.php(903): App\Controllers\Formapply->__construct()
 2 SYSTEMPATH/CodeIgniter.php(498): CodeIgniter\CodeIgniter->createController()
 3 SYSTEMPATH/CodeIgniter.php(354): CodeIgniter\CodeIgniter->handleRequest(null, Object(Config\Cache), false)
 4 SYSTEMPATH/Boot.php(334): CodeIgniter\CodeIgniter->run()
 5 SYSTEMPATH/Boot.php(67): CodeIgniter\Boot::runCodeIgniter(Object(CodeIgniter\CodeIgniter))
 6 FCPATH/index.php(56): CodeIgniter\Boot::bootWeb(Object(Config\Paths))
WARNING - 2025-04-14 08:02:07 --> [DEPRECATED] Creation of dynamic property App\Controllers\Formapply::$Md_formregistration is deprecated in APPPATH/Controllers/Formapply.php on line 10.
 1 SYSTEMPATH/CodeIgniter.php(903): App\Controllers\Formapply->__construct()
 2 SYSTEMPATH/CodeIgniter.php(498): CodeIgniter\CodeIgniter->createController()
 3 SYSTEMPATH/CodeIgniter.php(354): CodeIgniter\CodeIgniter->handleRequest(null, Object(Config\Cache), false)
 4 SYSTEMPATH/Boot.php(334): CodeIgniter\CodeIgniter->run()
 5 SYSTEMPATH/Boot.php(67): CodeIgniter\Boot::runCodeIgniter(Object(CodeIgniter\CodeIgniter))
 6 FCPATH/index.php(56): CodeIgniter\Boot::bootWeb(Object(Config\Paths))
WARNING - 2025-04-14 08:02:16 --> [DEPRECATED] Creation of dynamic property App\Controllers\Formapply::$Md_formregistration is deprecated in APPPATH/Controllers/Formapply.php on line 10.
 1 SYSTEMPATH/CodeIgniter.php(903): App\Controllers\Formapply->__construct()
 2 SYSTEMPATH/CodeIgniter.php(498): CodeIgniter\CodeIgniter->createController()
 3 SYSTEMPATH/CodeIgniter.php(354): CodeIgniter\CodeIgniter->handleRequest(null, Object(Config\Cache), false)
 4 SYSTEMPATH/Boot.php(334): CodeIgniter\CodeIgniter->run()
 5 SYSTEMPATH/Boot.php(67): CodeIgniter\Boot::runCodeIgniter(Object(CodeIgniter\CodeIgniter))
 6 FCPATH/index.php(56): CodeIgniter\Boot::bootWeb(Object(Config\Paths))
WARNING - 2025-04-14 08:02:24 --> [DEPRECATED] Creation of dynamic property App\Controllers\Formapply::$Md_formregistration is deprecated in APPPATH/Controllers/Formapply.php on line 10.
 1 SYSTEMPATH/CodeIgniter.php(903): App\Controllers\Formapply->__construct()
 2 SYSTEMPATH/CodeIgniter.php(498): CodeIgniter\CodeIgniter->createController()
 3 SYSTEMPATH/CodeIgniter.php(354): CodeIgniter\CodeIgniter->handleRequest(null, Object(Config\Cache), false)
 4 SYSTEMPATH/Boot.php(334): CodeIgniter\CodeIgniter->run()
 5 SYSTEMPATH/Boot.php(67): CodeIgniter\Boot::runCodeIgniter(Object(CodeIgniter\CodeIgniter))
 6 FCPATH/index.php(56): CodeIgniter\Boot::bootWeb(Object(Config\Paths))
WARNING - 2025-04-14 08:02:39 --> [DEPRECATED] Creation of dynamic property App\Controllers\Formapply::$Md_formregistration is deprecated in APPPATH/Controllers/Formapply.php on line 10.
 1 SYSTEMPATH/CodeIgniter.php(903): App\Controllers\Formapply->__construct()
 2 SYSTEMPATH/CodeIgniter.php(498): CodeIgniter\CodeIgniter->createController()
 3 SYSTEMPATH/CodeIgniter.php(354): CodeIgniter\CodeIgniter->handleRequest(null, Object(Config\Cache), false)
 4 SYSTEMPATH/Boot.php(334): CodeIgniter\CodeIgniter->run()
 5 SYSTEMPATH/Boot.php(67): CodeIgniter\Boot::runCodeIgniter(Object(CodeIgniter\CodeIgniter))
 6 FCPATH/index.php(56): CodeIgniter\Boot::bootWeb(Object(Config\Paths))
WARNING - 2025-04-14 08:03:55 --> [DEPRECATED] Creation of dynamic property App\Controllers\Formapply::$Md_formregistration is deprecated in APPPATH/Controllers/Formapply.php on line 10.
 1 SYSTEMPATH/CodeIgniter.php(903): App\Controllers\Formapply->__construct()
 2 SYSTEMPATH/CodeIgniter.php(498): CodeIgniter\CodeIgniter->createController()
 3 SYSTEMPATH/CodeIgniter.php(354): CodeIgniter\CodeIgniter->handleRequest(null, Object(Config\Cache), false)
 4 SYSTEMPATH/Boot.php(334): CodeIgniter\CodeIgniter->run()
 5 SYSTEMPATH/Boot.php(67): CodeIgniter\Boot::runCodeIgniter(Object(CodeIgniter\CodeIgniter))
 6 FCPATH/index.php(56): CodeIgniter\Boot::bootWeb(Object(Config\Paths))
WARNING - 2025-04-14 08:20:25 --> [DEPRECATED] Creation of dynamic property App\Controllers\Formapply::$Md_formregistration is deprecated in APPPATH/Controllers/Formapply.php on line 10.
 1 SYSTEMPATH/CodeIgniter.php(903): App\Controllers\Formapply->__construct()
 2 SYSTEMPATH/CodeIgniter.php(498): CodeIgniter\CodeIgniter->createController()
 3 SYSTEMPATH/CodeIgniter.php(354): CodeIgniter\CodeIgniter->handleRequest(null, Object(Config\Cache), false)
 4 SYSTEMPATH/Boot.php(334): CodeIgniter\CodeIgniter->run()
 5 SYSTEMPATH/Boot.php(67): CodeIgniter\Boot::runCodeIgniter(Object(CodeIgniter\CodeIgniter))
 6 FCPATH/index.php(56): CodeIgniter\Boot::bootWeb(Object(Config\Paths))
ERROR - 2025-04-14 08:20:25 --> mysqli_sql_exception: Unknown column 'education' in 'field list' in /home/projectanp/projectCI4/system/Database/MySQLi/Connection.php:327
Stack trace:
#0 /home/projectanp/projectCI4/system/Database/MySQLi/Connection.php(327): mysqli->query()
#1 /home/projectanp/projectCI4/system/Database/BaseConnection.php(738): CodeIgniter\Database\MySQLi\Connection->execute()
#2 /home/projectanp/projectCI4/system/Database/BaseConnection.php(652): CodeIgniter\Database\BaseConnection->simpleQuery()
#3 /home/projectanp/projectCI4/system/Database/BaseBuilder.php(2345): CodeIgniter\Database\BaseConnection->query()
#4 /home/projectanp/projectCI4/system/Model.php(394): CodeIgniter\Database\BaseBuilder->insert()
#5 /home/projectanp/projectCI4/system/BaseModel.php(843): CodeIgniter\Model->doInsert()
#6 /home/projectanp/projectCI4/system/Model.php(800): CodeIgniter\BaseModel->insert()
#7 /home/projectanp/projectCI4/app/Models/Md_formregistration.php(20): CodeIgniter\Model->insert()
#8 /home/projectanp/projectCI4/app/Controllers/Formapply.php(54): App\Models\Md_formregistration->fn_submit()
#9 /home/projectanp/projectCI4/system/CodeIgniter.php(933): App\Controllers\Formapply->fn_submitdataregistration()
#10 /home/projectanp/projectCI4/system/CodeIgniter.php(507): CodeIgniter\CodeIgniter->runController()
#11 /home/projectanp/projectCI4/system/CodeIgniter.php(354): CodeIgniter\CodeIgniter->handleRequest()
#12 /home/projectanp/projectCI4/system/Boot.php(334): CodeIgniter\CodeIgniter->run()
#13 /home/projectanp/projectCI4/system/Boot.php(67): CodeIgniter\Boot::runCodeIgniter()
#14 /home/projectanp/projectCI4/public/index.php(56): CodeIgniter\Boot::bootWeb()
#15 {main}
CRITICAL - 2025-04-14 08:20:25 --> CodeIgniter\Database\Exceptions\DatabaseException: Unknown column 'education' in 'field list'
[Method: POST, Route: submitdataregistration]
in SYSTEMPATH/Database/BaseConnection.php on line 692.
 1 SYSTEMPATH/Database/BaseBuilder.php(2345): CodeIgniter\Database\BaseConnection->query()
 2 SYSTEMPATH/Model.php(394): CodeIgniter\Database\BaseBuilder->insert()
 3 SYSTEMPATH/BaseModel.php(843): CodeIgniter\Model->doInsert()
 4 SYSTEMPATH/Model.php(800): CodeIgniter\BaseModel->insert()
 5 APPPATH/Models/Md_formregistration.php(20): CodeIgniter\Model->insert()
 6 APPPATH/Controllers/Formapply.php(54): App\Models\Md_formregistration->fn_submit()
 7 SYSTEMPATH/CodeIgniter.php(933): App\Controllers\Formapply->fn_submitdataregistration()
 8 SYSTEMPATH/CodeIgniter.php(507): CodeIgniter\CodeIgniter->runController()
 9 SYSTEMPATH/CodeIgniter.php(354): CodeIgniter\CodeIgniter->handleRequest()
10 SYSTEMPATH/Boot.php(334): CodeIgniter\CodeIgniter->run()
11 SYSTEMPATH/Boot.php(67): CodeIgniter\Boot::runCodeIgniter()
12 FCPATH/index.php(56): CodeIgniter\Boot::bootWeb()
CRITICAL - 2025-04-14 08:20:25 --> [Caused by] CodeIgniter\Database\Exceptions\DatabaseException: Unknown column 'education' in 'field list'
in SYSTEMPATH/Database/MySQLi/Connection.php on line 332.
 1 SYSTEMPATH/Database/BaseConnection.php(738): CodeIgniter\Database\MySQLi\Connection->execute()
 2 SYSTEMPATH/Database/BaseConnection.php(652): CodeIgniter\Database\BaseConnection->simpleQuery()
 3 SYSTEMPATH/Database/BaseBuilder.php(2345): CodeIgniter\Database\BaseConnection->query()
 4 SYSTEMPATH/Model.php(394): CodeIgniter\Database\BaseBuilder->insert()
 5 SYSTEMPATH/BaseModel.php(843): CodeIgniter\Model->doInsert()
 6 SYSTEMPATH/Model.php(800): CodeIgniter\BaseModel->insert()
 7 APPPATH/Models/Md_formregistration.php(20): CodeIgniter\Model->insert()
 8 APPPATH/Controllers/Formapply.php(54): App\Models\Md_formregistration->fn_submit()
 9 SYSTEMPATH/CodeIgniter.php(933): App\Controllers\Formapply->fn_submitdataregistration()
10 SYSTEMPATH/CodeIgniter.php(507): CodeIgniter\CodeIgniter->runController()
11 SYSTEMPATH/CodeIgniter.php(354): CodeIgniter\CodeIgniter->handleRequest()
12 SYSTEMPATH/Boot.php(334): CodeIgniter\CodeIgniter->run()
13 SYSTEMPATH/Boot.php(67): CodeIgniter\Boot::runCodeIgniter()
14 FCPATH/index.php(56): CodeIgniter\Boot::bootWeb()
CRITICAL - 2025-04-14 08:20:25 --> [Caused by] mysqli_sql_exception: Unknown column 'education' in 'field list'
in SYSTEMPATH/Database/MySQLi/Connection.php on line 327.
 1 SYSTEMPATH/Database/MySQLi/Connection.php(327): mysqli->query()
 2 SYSTEMPATH/Database/BaseConnection.php(738): CodeIgniter\Database\MySQLi\Connection->execute()
 3 SYSTEMPATH/Database/BaseConnection.php(652): CodeIgniter\Database\BaseConnection->simpleQuery()
 4 SYSTEMPATH/Database/BaseBuilder.php(2345): CodeIgniter\Database\BaseConnection->query()
 5 SYSTEMPATH/Model.php(394): CodeIgniter\Database\BaseBuilder->insert()
 6 SYSTEMPATH/BaseModel.php(843): CodeIgniter\Model->doInsert()
 7 SYSTEMPATH/Model.php(800): CodeIgniter\BaseModel->insert()
 8 APPPATH/Models/Md_formregistration.php(20): CodeIgniter\Model->insert()
 9 APPPATH/Controllers/Formapply.php(54): App\Models\Md_formregistration->fn_submit()
10 SYSTEMPATH/CodeIgniter.php(933): App\Controllers\Formapply->fn_submitdataregistration()
11 SYSTEMPATH/CodeIgniter.php(507): CodeIgniter\CodeIgniter->runController()
12 SYSTEMPATH/CodeIgniter.php(354): CodeIgniter\CodeIgniter->handleRequest()
13 SYSTEMPATH/Boot.php(334): CodeIgniter\CodeIgniter->run()
14 SYSTEMPATH/Boot.php(67): CodeIgniter\Boot::runCodeIgniter()
15 FCPATH/index.php(56): CodeIgniter\Boot::bootWeb()
WARNING - 2025-04-14 08:22:24 --> [DEPRECATED] Creation of dynamic property App\Controllers\Formapply::$Md_formregistration is deprecated in APPPATH/Controllers/Formapply.php on line 10.
 1 SYSTEMPATH/CodeIgniter.php(903): App\Controllers\Formapply->__construct()
 2 SYSTEMPATH/CodeIgniter.php(498): CodeIgniter\CodeIgniter->createController()
 3 SYSTEMPATH/CodeIgniter.php(354): CodeIgniter\CodeIgniter->handleRequest(null, Object(Config\Cache), false)
 4 SYSTEMPATH/Boot.php(334): CodeIgniter\CodeIgniter->run()
 5 SYSTEMPATH/Boot.php(67): CodeIgniter\Boot::runCodeIgniter(Object(CodeIgniter\CodeIgniter))
 6 FCPATH/index.php(56): CodeIgniter\Boot::bootWeb(Object(Config\Paths))
WARNING - 2025-04-14 23:00:19 --> [DEPRECATED] Creation of dynamic property App\Controllers\Formapply::$Md_formregistration is deprecated in APPPATH/Controllers/Formapply.php on line 10.
 1 SYSTEMPATH/CodeIgniter.php(903): App\Controllers\Formapply->__construct()
 2 SYSTEMPATH/CodeIgniter.php(498): CodeIgniter\CodeIgniter->createController()
 3 SYSTEMPATH/CodeIgniter.php(354): CodeIgniter\CodeIgniter->handleRequest(null, Object(Config\Cache), false)
 4 SYSTEMPATH/Boot.php(334): CodeIgniter\CodeIgniter->run()
 5 SYSTEMPATH/Boot.php(67): CodeIgniter\Boot::runCodeIgniter(Object(CodeIgniter\CodeIgniter))
 6 FCPATH/index.php(56): CodeIgniter\Boot::bootWeb(Object(Config\Paths))
WARNING - 2025-04-14 23:41:05 --> [DEPRECATED] Creation of dynamic property App\Controllers\Formapply::$Md_formregistration is deprecated in APPPATH/Controllers/Formapply.php on line 10.
 1 SYSTEMPATH/CodeIgniter.php(903): App\Controllers\Formapply->__construct()
 2 SYSTEMPATH/CodeIgniter.php(498): CodeIgniter\CodeIgniter->createController()
 3 SYSTEMPATH/CodeIgniter.php(354): CodeIgniter\CodeIgniter->handleRequest(null, Object(Config\Cache), false)
 4 SYSTEMPATH/Boot.php(334): CodeIgniter\CodeIgniter->run()
 5 SYSTEMPATH/Boot.php(67): CodeIgniter\Boot::runCodeIgniter(Object(CodeIgniter\CodeIgniter))
 6 FCPATH/index.php(56): CodeIgniter\Boot::bootWeb(Object(Config\Paths))
WARNING - 2025-04-14 23:41:46 --> [DEPRECATED] Creation of dynamic property App\Controllers\Formapply::$Md_formregistration is deprecated in APPPATH/Controllers/Formapply.php on line 10.
 1 SYSTEMPATH/CodeIgniter.php(903): App\Controllers\Formapply->__construct()
 2 SYSTEMPATH/CodeIgniter.php(498): CodeIgniter\CodeIgniter->createController()
 3 SYSTEMPATH/CodeIgniter.php(354): CodeIgniter\CodeIgniter->handleRequest(null, Object(Config\Cache), false)
 4 SYSTEMPATH/Boot.php(334): CodeIgniter\CodeIgniter->run()
 5 SYSTEMPATH/Boot.php(67): CodeIgniter\Boot::runCodeIgniter(Object(CodeIgniter\CodeIgniter))
 6 FCPATH/index.php(56): CodeIgniter\Boot::bootWeb(Object(Config\Paths))
WARNING - 2025-04-14 23:42:37 --> [DEPRECATED] Creation of dynamic property App\Controllers\Formapply::$Md_formregistration is deprecated in APPPATH/Controllers/Formapply.php on line 10.
 1 SYSTEMPATH/CodeIgniter.php(903): App\Controllers\Formapply->__construct()
 2 SYSTEMPATH/CodeIgniter.php(498): CodeIgniter\CodeIgniter->createController()
 3 SYSTEMPATH/CodeIgniter.php(354): CodeIgniter\CodeIgniter->handleRequest(null, Object(Config\Cache), false)
 4 SYSTEMPATH/Boot.php(334): CodeIgniter\CodeIgniter->run()
 5 SYSTEMPATH/Boot.php(67): CodeIgniter\Boot::runCodeIgniter(Object(CodeIgniter\CodeIgniter))
 6 FCPATH/index.php(56): CodeIgniter\Boot::bootWeb(Object(Config\Paths))
CRITICAL - 2025-04-14 23:42:37 --> TypeError: CodeIgniter\BaseModel::timeToString(): Argument #1 ($properties) must be of type array, string given, called in /home/projectanp/projectCI4/system/BaseModel.php on line 1876
[Method: POST, Route: submitdataregistration]
in SYSTEMPATH/BaseModel.php on line 1765.
 1 SYSTEMPATH/BaseModel.php(1876): CodeIgniter\BaseModel->timeToString()
 2 SYSTEMPATH/BaseModel.php(809): CodeIgniter\BaseModel->transformDataToArray()
 3 SYSTEMPATH/Model.php(800): CodeIgniter\BaseModel->insert()
 4 APPPATH/Models/Md_formregistration.php(20): CodeIgniter\Model->insert()
 5 APPPATH/Controllers/Formapply.php(52): App\Models\Md_formregistration->fn_submit()
 6 SYSTEMPATH/CodeIgniter.php(933): App\Controllers\Formapply->fn_submitdataregistration()
 7 SYSTEMPATH/CodeIgniter.php(507): CodeIgniter\CodeIgniter->runController()
 8 SYSTEMPATH/CodeIgniter.php(354): CodeIgniter\CodeIgniter->handleRequest()
 9 SYSTEMPATH/Boot.php(334): CodeIgniter\CodeIgniter->run()
10 SYSTEMPATH/Boot.php(67): CodeIgniter\Boot::runCodeIgniter()
11 FCPATH/index.php(56): CodeIgniter\Boot::bootWeb()
WARNING - 2025-04-14 23:54:31 --> [DEPRECATED] Creation of dynamic property App\Controllers\Formapply::$Md_formregistration is deprecated in APPPATH/Controllers/Formapply.php on line 10.
 1 SYSTEMPATH/CodeIgniter.php(903): App\Controllers\Formapply->__construct()
 2 SYSTEMPATH/CodeIgniter.php(498): CodeIgniter\CodeIgniter->createController()
 3 SYSTEMPATH/CodeIgniter.php(354): CodeIgniter\CodeIgniter->handleRequest(null, Object(Config\Cache), false)
 4 SYSTEMPATH/Boot.php(334): CodeIgniter\CodeIgniter->run()
 5 SYSTEMPATH/Boot.php(67): CodeIgniter\Boot::runCodeIgniter(Object(CodeIgniter\CodeIgniter))
 6 FCPATH/index.php(56): CodeIgniter\Boot::bootWeb(Object(Config\Paths))
WARNING - 2025-04-14 23:55:16 --> [DEPRECATED] Creation of dynamic property App\Controllers\Formapply::$Md_formregistration is deprecated in APPPATH/Controllers/Formapply.php on line 10.
 1 SYSTEMPATH/CodeIgniter.php(903): App\Controllers\Formapply->__construct()
 2 SYSTEMPATH/CodeIgniter.php(498): CodeIgniter\CodeIgniter->createController()
 3 SYSTEMPATH/CodeIgniter.php(354): CodeIgniter\CodeIgniter->handleRequest(null, Object(Config\Cache), false)
 4 SYSTEMPATH/Boot.php(334): CodeIgniter\CodeIgniter->run()
 5 SYSTEMPATH/Boot.php(67): CodeIgniter\Boot::runCodeIgniter(Object(CodeIgniter\CodeIgniter))
 6 FCPATH/index.php(56): CodeIgniter\Boot::bootWeb(Object(Config\Paths))
ERROR - 2025-04-14 23:55:16 --> mysqli_sql_exception: Unknown column 'graduation' in 'field list' in /home/projectanp/projectCI4/system/Database/MySQLi/Connection.php:327
Stack trace:
#0 /home/projectanp/projectCI4/system/Database/MySQLi/Connection.php(327): mysqli->query()
#1 /home/projectanp/projectCI4/system/Database/BaseConnection.php(738): CodeIgniter\Database\MySQLi\Connection->execute()
#2 /home/projectanp/projectCI4/system/Database/BaseConnection.php(652): CodeIgniter\Database\BaseConnection->simpleQuery()
#3 /home/projectanp/projectCI4/system/Database/BaseBuilder.php(2345): CodeIgniter\Database\BaseConnection->query()
#4 /home/projectanp/projectCI4/system/Model.php(394): CodeIgniter\Database\BaseBuilder->insert()
#5 /home/projectanp/projectCI4/system/BaseModel.php(843): CodeIgniter\Model->doInsert()
#6 /home/projectanp/projectCI4/system/Model.php(800): CodeIgniter\BaseModel->insert()
#7 /home/projectanp/projectCI4/app/Models/Md_formregistration.php(40): CodeIgniter\Model->insert()
#8 /home/projectanp/projectCI4/app/Controllers/Formapply.php(52): App\Models\Md_formregistration->fn_submit()
#9 /home/projectanp/projectCI4/system/CodeIgniter.php(933): App\Controllers\Formapply->fn_submitdataregistration()
#10 /home/projectanp/projectCI4/system/CodeIgniter.php(507): CodeIgniter\CodeIgniter->runController()
#11 /home/projectanp/projectCI4/system/CodeIgniter.php(354): CodeIgniter\CodeIgniter->handleRequest()
#12 /home/projectanp/projectCI4/system/Boot.php(334): CodeIgniter\CodeIgniter->run()
#13 /home/projectanp/projectCI4/system/Boot.php(67): CodeIgniter\Boot::runCodeIgniter()
#14 /home/projectanp/projectCI4/public/index.php(56): CodeIgniter\Boot::bootWeb()
#15 {main}
CRITICAL - 2025-04-14 23:55:16 --> CodeIgniter\Database\Exceptions\DatabaseException: Unknown column 'graduation' in 'field list'
[Method: POST, Route: submitdataregistration]
in SYSTEMPATH/Database/BaseConnection.php on line 692.
 1 SYSTEMPATH/Database/BaseBuilder.php(2345): CodeIgniter\Database\BaseConnection->query()
 2 SYSTEMPATH/Model.php(394): CodeIgniter\Database\BaseBuilder->insert()
 3 SYSTEMPATH/BaseModel.php(843): CodeIgniter\Model->doInsert()
 4 SYSTEMPATH/Model.php(800): CodeIgniter\BaseModel->insert()
 5 APPPATH/Models/Md_formregistration.php(40): CodeIgniter\Model->insert()
 6 APPPATH/Controllers/Formapply.php(52): App\Models\Md_formregistration->fn_submit()
 7 SYSTEMPATH/CodeIgniter.php(933): App\Controllers\Formapply->fn_submitdataregistration()
 8 SYSTEMPATH/CodeIgniter.php(507): CodeIgniter\CodeIgniter->runController()
 9 SYSTEMPATH/CodeIgniter.php(354): CodeIgniter\CodeIgniter->handleRequest()
10 SYSTEMPATH/Boot.php(334): CodeIgniter\CodeIgniter->run()
11 SYSTEMPATH/Boot.php(67): CodeIgniter\Boot::runCodeIgniter()
12 FCPATH/index.php(56): CodeIgniter\Boot::bootWeb()
CRITICAL - 2025-04-14 23:55:16 --> [Caused by] CodeIgniter\Database\Exceptions\DatabaseException: Unknown column 'graduation' in 'field list'
in SYSTEMPATH/Database/MySQLi/Connection.php on line 332.
 1 SYSTEMPATH/Database/BaseConnection.php(738): CodeIgniter\Database\MySQLi\Connection->execute()
 2 SYSTEMPATH/Database/BaseConnection.php(652): CodeIgniter\Database\BaseConnection->simpleQuery()
 3 SYSTEMPATH/Database/BaseBuilder.php(2345): CodeIgniter\Database\BaseConnection->query()
 4 SYSTEMPATH/Model.php(394): CodeIgniter\Database\BaseBuilder->insert()
 5 SYSTEMPATH/BaseModel.php(843): CodeIgniter\Model->doInsert()
 6 SYSTEMPATH/Model.php(800): CodeIgniter\BaseModel->insert()
 7 APPPATH/Models/Md_formregistration.php(40): CodeIgniter\Model->insert()
 8 APPPATH/Controllers/Formapply.php(52): App\Models\Md_formregistration->fn_submit()
 9 SYSTEMPATH/CodeIgniter.php(933): App\Controllers\Formapply->fn_submitdataregistration()
10 SYSTEMPATH/CodeIgniter.php(507): CodeIgniter\CodeIgniter->runController()
11 SYSTEMPATH/CodeIgniter.php(354): CodeIgniter\CodeIgniter->handleRequest()
12 SYSTEMPATH/Boot.php(334): CodeIgniter\CodeIgniter->run()
13 SYSTEMPATH/Boot.php(67): CodeIgniter\Boot::runCodeIgniter()
14 FCPATH/index.php(56): CodeIgniter\Boot::bootWeb()
CRITICAL - 2025-04-14 23:55:16 --> [Caused by] mysqli_sql_exception: Unknown column 'graduation' in 'field list'
in SYSTEMPATH/Database/MySQLi/Connection.php on line 327.
 1 SYSTEMPATH/Database/MySQLi/Connection.php(327): mysqli->query()
 2 SYSTEMPATH/Database/BaseConnection.php(738): CodeIgniter\Database\MySQLi\Connection->execute()
 3 SYSTEMPATH/Database/BaseConnection.php(652): CodeIgniter\Database\BaseConnection->simpleQuery()
 4 SYSTEMPATH/Database/BaseBuilder.php(2345): CodeIgniter\Database\BaseConnection->query()
 5 SYSTEMPATH/Model.php(394): CodeIgniter\Database\BaseBuilder->insert()
 6 SYSTEMPATH/BaseModel.php(843): CodeIgniter\Model->doInsert()
 7 SYSTEMPATH/Model.php(800): CodeIgniter\BaseModel->insert()
 8 APPPATH/Models/Md_formregistration.php(40): CodeIgniter\Model->insert()
 9 APPPATH/Controllers/Formapply.php(52): App\Models\Md_formregistration->fn_submit()
10 SYSTEMPATH/CodeIgniter.php(933): App\Controllers\Formapply->fn_submitdataregistration()
11 SYSTEMPATH/CodeIgniter.php(507): CodeIgniter\CodeIgniter->runController()
12 SYSTEMPATH/CodeIgniter.php(354): CodeIgniter\CodeIgniter->handleRequest()
13 SYSTEMPATH/Boot.php(334): CodeIgniter\CodeIgniter->run()
14 SYSTEMPATH/Boot.php(67): CodeIgniter\Boot::runCodeIgniter()
15 FCPATH/index.php(56): CodeIgniter\Boot::bootWeb()
WARNING - 2025-04-14 23:59:58 --> [DEPRECATED] Creation of dynamic property App\Controllers\Formapply::$Md_formregistration is deprecated in APPPATH/Controllers/Formapply.php on line 10.
 1 SYSTEMPATH/CodeIgniter.php(903): App\Controllers\Formapply->__construct()
 2 SYSTEMPATH/CodeIgniter.php(498): CodeIgniter\CodeIgniter->createController()
 3 SYSTEMPATH/CodeIgniter.php(354): CodeIgniter\CodeIgniter->handleRequest(null, Object(Config\Cache), false)
 4 SYSTEMPATH/Boot.php(334): CodeIgniter\CodeIgniter->run()
 5 SYSTEMPATH/Boot.php(67): CodeIgniter\Boot::runCodeIgniter(Object(CodeIgniter\CodeIgniter))
 6 FCPATH/index.php(56): CodeIgniter\Boot::bootWeb(Object(Config\Paths))
