WARNING - 2025-04-15 00:00:41 --> [DEPRECATED] Creation of dynamic property App\Controllers\Formapply::$Md_formregistration is deprecated in APPPATH/Controllers/Formapply.php on line 10.
 1 SYSTEMPATH/CodeIgniter.php(903): App\Controllers\Formapply->__construct()
 2 SYSTEMPATH/CodeIgniter.php(498): CodeIgniter\CodeIgniter->createController()
 3 SYSTEMPATH/CodeIgniter.php(354): CodeIgniter\CodeIgniter->handleRequest(null, Object(Config\Cache), false)
 4 SYSTEMPATH/Boot.php(334): CodeIgniter\CodeIgniter->run()
 5 SYSTEMPATH/Boot.php(67): CodeIgniter\Boot::runCodeIgniter(Object(CodeIgniter\CodeIgniter))
 6 FCPATH/index.php(56): CodeIgniter\Boot::bootWeb(Object(Config\Paths))
WARNING - 2025-04-15 00:05:57 --> [DEPRECATED] Creation of dynamic property App\Controllers\Formapply::$Md_formregistration is deprecated in APPPATH/Controllers/Formapply.php on line 10.
 1 SYSTEMPATH/CodeIgniter.php(903): App\Controllers\Formapply->__construct()
 2 SYSTEMPATH/CodeIgniter.php(498): CodeIgniter\CodeIgniter->createController()
 3 SYSTEMPATH/CodeIgniter.php(354): CodeIgniter\CodeIgniter->handleRequest(null, Object(Config\Cache), false)
 4 SYSTEMPATH/Boot.php(334): CodeIgniter\CodeIgniter->run()
 5 SYSTEMPATH/Boot.php(67): CodeIgniter\Boot::runCodeIgniter(Object(CodeIgniter\CodeIgniter))
 6 FCPATH/index.php(56): CodeIgniter\Boot::bootWeb(Object(Config\Paths))
ERROR - 2025-04-15 00:05:57 --> mysqli_sql_exception: Unknown column 'language' in 'field list' in /home/projectanp/projectCI4/system/Database/MySQLi/Connection.php:327
Stack trace:
#0 /home/projectanp/projectCI4/system/Database/MySQLi/Connection.php(327): mysqli->query()
#1 /home/projectanp/projectCI4/system/Database/BaseConnection.php(738): CodeIgniter\Database\MySQLi\Connection->execute()
#2 /home/projectanp/projectCI4/system/Database/BaseConnection.php(652): CodeIgniter\Database\BaseConnection->simpleQuery()
#3 /home/projectanp/projectCI4/system/Database/BaseBuilder.php(2345): CodeIgniter\Database\BaseConnection->query()
#4 /home/projectanp/projectCI4/system/Model.php(394): CodeIgniter\Database\BaseBuilder->insert()
#5 /home/projectanp/projectCI4/system/BaseModel.php(843): CodeIgniter\Model->doInsert()
#6 /home/projectanp/projectCI4/system/Model.php(800): CodeIgniter\BaseModel->insert()
#7 /home/projectanp/projectCI4/app/Models/Md_formregistration.php(40): CodeIgniter\Model->insert()
#8 /home/projectanp/projectCI4/app/Controllers/Formapply.php(53): App\Models\Md_formregistration->fn_submit()
#9 /home/projectanp/projectCI4/system/CodeIgniter.php(933): App\Controllers\Formapply->fn_submitdataregistration()
#10 /home/projectanp/projectCI4/system/CodeIgniter.php(507): CodeIgniter\CodeIgniter->runController()
#11 /home/projectanp/projectCI4/system/CodeIgniter.php(354): CodeIgniter\CodeIgniter->handleRequest()
#12 /home/projectanp/projectCI4/system/Boot.php(334): CodeIgniter\CodeIgniter->run()
#13 /home/projectanp/projectCI4/system/Boot.php(67): CodeIgniter\Boot::runCodeIgniter()
#14 /home/projectanp/projectCI4/public/index.php(56): CodeIgniter\Boot::bootWeb()
#15 {main}
CRITICAL - 2025-04-15 00:05:57 --> CodeIgniter\Database\Exceptions\DatabaseException: Unknown column 'language' in 'field list'
[Method: POST, Route: submitdataregistration]
in SYSTEMPATH/Database/BaseConnection.php on line 692.
 1 SYSTEMPATH/Database/BaseBuilder.php(2345): CodeIgniter\Database\BaseConnection->query()
 2 SYSTEMPATH/Model.php(394): CodeIgniter\Database\BaseBuilder->insert()
 3 SYSTEMPATH/BaseModel.php(843): CodeIgniter\Model->doInsert()
 4 SYSTEMPATH/Model.php(800): CodeIgniter\BaseModel->insert()
 5 APPPATH/Models/Md_formregistration.php(40): CodeIgniter\Model->insert()
 6 APPPATH/Controllers/Formapply.php(53): App\Models\Md_formregistration->fn_submit()
 7 SYSTEMPATH/CodeIgniter.php(933): App\Controllers\Formapply->fn_submitdataregistration()
 8 SYSTEMPATH/CodeIgniter.php(507): CodeIgniter\CodeIgniter->runController()
 9 SYSTEMPATH/CodeIgniter.php(354): CodeIgniter\CodeIgniter->handleRequest()
10 SYSTEMPATH/Boot.php(334): CodeIgniter\CodeIgniter->run()
11 SYSTEMPATH/Boot.php(67): CodeIgniter\Boot::runCodeIgniter()
12 FCPATH/index.php(56): CodeIgniter\Boot::bootWeb()
CRITICAL - 2025-04-15 00:05:57 --> [Caused by] CodeIgniter\Database\Exceptions\DatabaseException: Unknown column 'language' in 'field list'
in SYSTEMPATH/Database/MySQLi/Connection.php on line 332.
 1 SYSTEMPATH/Database/BaseConnection.php(738): CodeIgniter\Database\MySQLi\Connection->execute()
 2 SYSTEMPATH/Database/BaseConnection.php(652): CodeIgniter\Database\BaseConnection->simpleQuery()
 3 SYSTEMPATH/Database/BaseBuilder.php(2345): CodeIgniter\Database\BaseConnection->query()
 4 SYSTEMPATH/Model.php(394): CodeIgniter\Database\BaseBuilder->insert()
 5 SYSTEMPATH/BaseModel.php(843): CodeIgniter\Model->doInsert()
 6 SYSTEMPATH/Model.php(800): CodeIgniter\BaseModel->insert()
 7 APPPATH/Models/Md_formregistration.php(40): CodeIgniter\Model->insert()
 8 APPPATH/Controllers/Formapply.php(53): App\Models\Md_formregistration->fn_submit()
 9 SYSTEMPATH/CodeIgniter.php(933): App\Controllers\Formapply->fn_submitdataregistration()
10 SYSTEMPATH/CodeIgniter.php(507): CodeIgniter\CodeIgniter->runController()
11 SYSTEMPATH/CodeIgniter.php(354): CodeIgniter\CodeIgniter->handleRequest()
12 SYSTEMPATH/Boot.php(334): CodeIgniter\CodeIgniter->run()
13 SYSTEMPATH/Boot.php(67): CodeIgniter\Boot::runCodeIgniter()
14 FCPATH/index.php(56): CodeIgniter\Boot::bootWeb()
CRITICAL - 2025-04-15 00:05:57 --> [Caused by] mysqli_sql_exception: Unknown column 'language' in 'field list'
in SYSTEMPATH/Database/MySQLi/Connection.php on line 327.
 1 SYSTEMPATH/Database/MySQLi/Connection.php(327): mysqli->query()
 2 SYSTEMPATH/Database/BaseConnection.php(738): CodeIgniter\Database\MySQLi\Connection->execute()
 3 SYSTEMPATH/Database/BaseConnection.php(652): CodeIgniter\Database\BaseConnection->simpleQuery()
 4 SYSTEMPATH/Database/BaseBuilder.php(2345): CodeIgniter\Database\BaseConnection->query()
 5 SYSTEMPATH/Model.php(394): CodeIgniter\Database\BaseBuilder->insert()
 6 SYSTEMPATH/BaseModel.php(843): CodeIgniter\Model->doInsert()
 7 SYSTEMPATH/Model.php(800): CodeIgniter\BaseModel->insert()
 8 APPPATH/Models/Md_formregistration.php(40): CodeIgniter\Model->insert()
 9 APPPATH/Controllers/Formapply.php(53): App\Models\Md_formregistration->fn_submit()
10 SYSTEMPATH/CodeIgniter.php(933): App\Controllers\Formapply->fn_submitdataregistration()
11 SYSTEMPATH/CodeIgniter.php(507): CodeIgniter\CodeIgniter->runController()
12 SYSTEMPATH/CodeIgniter.php(354): CodeIgniter\CodeIgniter->handleRequest()
13 SYSTEMPATH/Boot.php(334): CodeIgniter\CodeIgniter->run()
14 SYSTEMPATH/Boot.php(67): CodeIgniter\Boot::runCodeIgniter()
15 FCPATH/index.php(56): CodeIgniter\Boot::bootWeb()
WARNING - 2025-04-15 00:06:02 --> [DEPRECATED] Creation of dynamic property App\Controllers\Formapply::$Md_formregistration is deprecated in APPPATH/Controllers/Formapply.php on line 10.
 1 SYSTEMPATH/CodeIgniter.php(903): App\Controllers\Formapply->__construct()
 2 SYSTEMPATH/CodeIgniter.php(498): CodeIgniter\CodeIgniter->createController()
 3 SYSTEMPATH/CodeIgniter.php(354): CodeIgniter\CodeIgniter->handleRequest(null, Object(Config\Cache), false)
 4 SYSTEMPATH/Boot.php(334): CodeIgniter\CodeIgniter->run()
 5 SYSTEMPATH/Boot.php(67): CodeIgniter\Boot::runCodeIgniter(Object(CodeIgniter\CodeIgniter))
 6 FCPATH/index.php(56): CodeIgniter\Boot::bootWeb(Object(Config\Paths))
WARNING - 2025-04-15 00:07:05 --> [DEPRECATED] Creation of dynamic property App\Controllers\Formapply::$Md_formregistration is deprecated in APPPATH/Controllers/Formapply.php on line 10.
 1 SYSTEMPATH/CodeIgniter.php(903): App\Controllers\Formapply->__construct()
 2 SYSTEMPATH/CodeIgniter.php(498): CodeIgniter\CodeIgniter->createController()
 3 SYSTEMPATH/CodeIgniter.php(354): CodeIgniter\CodeIgniter->handleRequest(null, Object(Config\Cache), false)
 4 SYSTEMPATH/Boot.php(334): CodeIgniter\CodeIgniter->run()
 5 SYSTEMPATH/Boot.php(67): CodeIgniter\Boot::runCodeIgniter(Object(CodeIgniter\CodeIgniter))
 6 FCPATH/index.php(56): CodeIgniter\Boot::bootWeb(Object(Config\Paths))
ERROR - 2025-04-15 00:07:05 --> mysqli_sql_exception: Unknown column 'language' in 'field list' in /home/projectanp/projectCI4/system/Database/MySQLi/Connection.php:327
Stack trace:
#0 /home/projectanp/projectCI4/system/Database/MySQLi/Connection.php(327): mysqli->query()
#1 /home/projectanp/projectCI4/system/Database/BaseConnection.php(738): CodeIgniter\Database\MySQLi\Connection->execute()
#2 /home/projectanp/projectCI4/system/Database/BaseConnection.php(652): CodeIgniter\Database\BaseConnection->simpleQuery()
#3 /home/projectanp/projectCI4/system/Database/BaseBuilder.php(2345): CodeIgniter\Database\BaseConnection->query()
#4 /home/projectanp/projectCI4/system/Model.php(394): CodeIgniter\Database\BaseBuilder->insert()
#5 /home/projectanp/projectCI4/system/BaseModel.php(843): CodeIgniter\Model->doInsert()
#6 /home/projectanp/projectCI4/system/Model.php(800): CodeIgniter\BaseModel->insert()
#7 /home/projectanp/projectCI4/app/Models/Md_formregistration.php(40): CodeIgniter\Model->insert()
#8 /home/projectanp/projectCI4/app/Controllers/Formapply.php(53): App\Models\Md_formregistration->fn_submit()
#9 /home/projectanp/projectCI4/system/CodeIgniter.php(933): App\Controllers\Formapply->fn_submitdataregistration()
#10 /home/projectanp/projectCI4/system/CodeIgniter.php(507): CodeIgniter\CodeIgniter->runController()
#11 /home/projectanp/projectCI4/system/CodeIgniter.php(354): CodeIgniter\CodeIgniter->handleRequest()
#12 /home/projectanp/projectCI4/system/Boot.php(334): CodeIgniter\CodeIgniter->run()
#13 /home/projectanp/projectCI4/system/Boot.php(67): CodeIgniter\Boot::runCodeIgniter()
#14 /home/projectanp/projectCI4/public/index.php(56): CodeIgniter\Boot::bootWeb()
#15 {main}
CRITICAL - 2025-04-15 00:07:05 --> CodeIgniter\Database\Exceptions\DatabaseException: Unknown column 'language' in 'field list'
[Method: POST, Route: submitdataregistration]
in SYSTEMPATH/Database/BaseConnection.php on line 692.
 1 SYSTEMPATH/Database/BaseBuilder.php(2345): CodeIgniter\Database\BaseConnection->query()
 2 SYSTEMPATH/Model.php(394): CodeIgniter\Database\BaseBuilder->insert()
 3 SYSTEMPATH/BaseModel.php(843): CodeIgniter\Model->doInsert()
 4 SYSTEMPATH/Model.php(800): CodeIgniter\BaseModel->insert()
 5 APPPATH/Models/Md_formregistration.php(40): CodeIgniter\Model->insert()
 6 APPPATH/Controllers/Formapply.php(53): App\Models\Md_formregistration->fn_submit()
 7 SYSTEMPATH/CodeIgniter.php(933): App\Controllers\Formapply->fn_submitdataregistration()
 8 SYSTEMPATH/CodeIgniter.php(507): CodeIgniter\CodeIgniter->runController()
 9 SYSTEMPATH/CodeIgniter.php(354): CodeIgniter\CodeIgniter->handleRequest()
10 SYSTEMPATH/Boot.php(334): CodeIgniter\CodeIgniter->run()
11 SYSTEMPATH/Boot.php(67): CodeIgniter\Boot::runCodeIgniter()
12 FCPATH/index.php(56): CodeIgniter\Boot::bootWeb()
CRITICAL - 2025-04-15 00:07:05 --> [Caused by] CodeIgniter\Database\Exceptions\DatabaseException: Unknown column 'language' in 'field list'
in SYSTEMPATH/Database/MySQLi/Connection.php on line 332.
 1 SYSTEMPATH/Database/BaseConnection.php(738): CodeIgniter\Database\MySQLi\Connection->execute()
 2 SYSTEMPATH/Database/BaseConnection.php(652): CodeIgniter\Database\BaseConnection->simpleQuery()
 3 SYSTEMPATH/Database/BaseBuilder.php(2345): CodeIgniter\Database\BaseConnection->query()
 4 SYSTEMPATH/Model.php(394): CodeIgniter\Database\BaseBuilder->insert()
 5 SYSTEMPATH/BaseModel.php(843): CodeIgniter\Model->doInsert()
 6 SYSTEMPATH/Model.php(800): CodeIgniter\BaseModel->insert()
 7 APPPATH/Models/Md_formregistration.php(40): CodeIgniter\Model->insert()
 8 APPPATH/Controllers/Formapply.php(53): App\Models\Md_formregistration->fn_submit()
 9 SYSTEMPATH/CodeIgniter.php(933): App\Controllers\Formapply->fn_submitdataregistration()
10 SYSTEMPATH/CodeIgniter.php(507): CodeIgniter\CodeIgniter->runController()
11 SYSTEMPATH/CodeIgniter.php(354): CodeIgniter\CodeIgniter->handleRequest()
12 SYSTEMPATH/Boot.php(334): CodeIgniter\CodeIgniter->run()
13 SYSTEMPATH/Boot.php(67): CodeIgniter\Boot::runCodeIgniter()
14 FCPATH/index.php(56): CodeIgniter\Boot::bootWeb()
CRITICAL - 2025-04-15 00:07:05 --> [Caused by] mysqli_sql_exception: Unknown column 'language' in 'field list'
in SYSTEMPATH/Database/MySQLi/Connection.php on line 327.
 1 SYSTEMPATH/Database/MySQLi/Connection.php(327): mysqli->query()
 2 SYSTEMPATH/Database/BaseConnection.php(738): CodeIgniter\Database\MySQLi\Connection->execute()
 3 SYSTEMPATH/Database/BaseConnection.php(652): CodeIgniter\Database\BaseConnection->simpleQuery()
 4 SYSTEMPATH/Database/BaseBuilder.php(2345): CodeIgniter\Database\BaseConnection->query()
 5 SYSTEMPATH/Model.php(394): CodeIgniter\Database\BaseBuilder->insert()
 6 SYSTEMPATH/BaseModel.php(843): CodeIgniter\Model->doInsert()
 7 SYSTEMPATH/Model.php(800): CodeIgniter\BaseModel->insert()
 8 APPPATH/Models/Md_formregistration.php(40): CodeIgniter\Model->insert()
 9 APPPATH/Controllers/Formapply.php(53): App\Models\Md_formregistration->fn_submit()
10 SYSTEMPATH/CodeIgniter.php(933): App\Controllers\Formapply->fn_submitdataregistration()
11 SYSTEMPATH/CodeIgniter.php(507): CodeIgniter\CodeIgniter->runController()
12 SYSTEMPATH/CodeIgniter.php(354): CodeIgniter\CodeIgniter->handleRequest()
13 SYSTEMPATH/Boot.php(334): CodeIgniter\CodeIgniter->run()
14 SYSTEMPATH/Boot.php(67): CodeIgniter\Boot::runCodeIgniter()
15 FCPATH/index.php(56): CodeIgniter\Boot::bootWeb()
WARNING - 2025-04-15 02:15:49 --> [DEPRECATED] Creation of dynamic property App\Controllers\Formapply::$Md_formregistration is deprecated in APPPATH/Controllers/Formapply.php on line 10.
 1 SYSTEMPATH/CodeIgniter.php(903): App\Controllers\Formapply->__construct()
 2 SYSTEMPATH/CodeIgniter.php(498): CodeIgniter\CodeIgniter->createController()
 3 SYSTEMPATH/CodeIgniter.php(354): CodeIgniter\CodeIgniter->handleRequest(null, Object(Config\Cache), false)
 4 SYSTEMPATH/Boot.php(334): CodeIgniter\CodeIgniter->run()
 5 SYSTEMPATH/Boot.php(67): CodeIgniter\Boot::runCodeIgniter(Object(CodeIgniter\CodeIgniter))
 6 FCPATH/index.php(56): CodeIgniter\Boot::bootWeb(Object(Config\Paths))
WARNING - 2025-04-15 02:16:21 --> [DEPRECATED] Creation of dynamic property App\Controllers\Formapply::$Md_formregistration is deprecated in APPPATH/Controllers/Formapply.php on line 10.
 1 SYSTEMPATH/CodeIgniter.php(903): App\Controllers\Formapply->__construct()
 2 SYSTEMPATH/CodeIgniter.php(498): CodeIgniter\CodeIgniter->createController()
 3 SYSTEMPATH/CodeIgniter.php(354): CodeIgniter\CodeIgniter->handleRequest(null, Object(Config\Cache), false)
 4 SYSTEMPATH/Boot.php(334): CodeIgniter\CodeIgniter->run()
 5 SYSTEMPATH/Boot.php(67): CodeIgniter\Boot::runCodeIgniter(Object(CodeIgniter\CodeIgniter))
 6 FCPATH/index.php(56): CodeIgniter\Boot::bootWeb(Object(Config\Paths))
WARNING - 2025-04-15 02:16:46 --> [DEPRECATED] Creation of dynamic property App\Controllers\Formapply::$Md_formregistration is deprecated in APPPATH/Controllers/Formapply.php on line 10.
 1 SYSTEMPATH/CodeIgniter.php(903): App\Controllers\Formapply->__construct()
 2 SYSTEMPATH/CodeIgniter.php(498): CodeIgniter\CodeIgniter->createController()
 3 SYSTEMPATH/CodeIgniter.php(354): CodeIgniter\CodeIgniter->handleRequest(null, Object(Config\Cache), false)
 4 SYSTEMPATH/Boot.php(334): CodeIgniter\CodeIgniter->run()
 5 SYSTEMPATH/Boot.php(67): CodeIgniter\Boot::runCodeIgniter(Object(CodeIgniter\CodeIgniter))
 6 FCPATH/index.php(56): CodeIgniter\Boot::bootWeb(Object(Config\Paths))
WARNING - 2025-04-15 02:17:40 --> [DEPRECATED] Creation of dynamic property App\Controllers\Formapply::$Md_formregistration is deprecated in APPPATH/Controllers/Formapply.php on line 10.
 1 SYSTEMPATH/CodeIgniter.php(903): App\Controllers\Formapply->__construct()
 2 SYSTEMPATH/CodeIgniter.php(498): CodeIgniter\CodeIgniter->createController()
 3 SYSTEMPATH/CodeIgniter.php(354): CodeIgniter\CodeIgniter->handleRequest(null, Object(Config\Cache), false)
 4 SYSTEMPATH/Boot.php(334): CodeIgniter\CodeIgniter->run()
 5 SYSTEMPATH/Boot.php(67): CodeIgniter\Boot::runCodeIgniter(Object(CodeIgniter\CodeIgniter))
 6 FCPATH/index.php(56): CodeIgniter\Boot::bootWeb(Object(Config\Paths))
ERROR - 2025-04-15 02:17:40 --> mysqli_sql_exception: Unknown column 'application' in 'field list' in /home/projectanp/projectCI4/system/Database/MySQLi/Connection.php:327
Stack trace:
#0 /home/projectanp/projectCI4/system/Database/MySQLi/Connection.php(327): mysqli->query()
#1 /home/projectanp/projectCI4/system/Database/BaseConnection.php(738): CodeIgniter\Database\MySQLi\Connection->execute()
#2 /home/projectanp/projectCI4/system/Database/BaseConnection.php(652): CodeIgniter\Database\BaseConnection->simpleQuery()
#3 /home/projectanp/projectCI4/system/Database/BaseBuilder.php(2345): CodeIgniter\Database\BaseConnection->query()
#4 /home/projectanp/projectCI4/system/Model.php(394): CodeIgniter\Database\BaseBuilder->insert()
#5 /home/projectanp/projectCI4/system/BaseModel.php(843): CodeIgniter\Model->doInsert()
#6 /home/projectanp/projectCI4/system/Model.php(800): CodeIgniter\BaseModel->insert()
#7 /home/projectanp/projectCI4/app/Models/Md_formregistration.php(40): CodeIgniter\Model->insert()
#8 /home/projectanp/projectCI4/app/Controllers/Formapply.php(53): App\Models\Md_formregistration->fn_submit()
#9 /home/projectanp/projectCI4/system/CodeIgniter.php(933): App\Controllers\Formapply->fn_submitdataregistration()
#10 /home/projectanp/projectCI4/system/CodeIgniter.php(507): CodeIgniter\CodeIgniter->runController()
#11 /home/projectanp/projectCI4/system/CodeIgniter.php(354): CodeIgniter\CodeIgniter->handleRequest()
#12 /home/projectanp/projectCI4/system/Boot.php(334): CodeIgniter\CodeIgniter->run()
#13 /home/projectanp/projectCI4/system/Boot.php(67): CodeIgniter\Boot::runCodeIgniter()
#14 /home/projectanp/projectCI4/public/index.php(56): CodeIgniter\Boot::bootWeb()
#15 {main}
CRITICAL - 2025-04-15 02:17:40 --> CodeIgniter\Database\Exceptions\DatabaseException: Unknown column 'application' in 'field list'
[Method: POST, Route: submitdataregistration]
in SYSTEMPATH/Database/BaseConnection.php on line 692.
 1 SYSTEMPATH/Database/BaseBuilder.php(2345): CodeIgniter\Database\BaseConnection->query()
 2 SYSTEMPATH/Model.php(394): CodeIgniter\Database\BaseBuilder->insert()
 3 SYSTEMPATH/BaseModel.php(843): CodeIgniter\Model->doInsert()
 4 SYSTEMPATH/Model.php(800): CodeIgniter\BaseModel->insert()
 5 APPPATH/Models/Md_formregistration.php(40): CodeIgniter\Model->insert()
 6 APPPATH/Controllers/Formapply.php(53): App\Models\Md_formregistration->fn_submit()
 7 SYSTEMPATH/CodeIgniter.php(933): App\Controllers\Formapply->fn_submitdataregistration()
 8 SYSTEMPATH/CodeIgniter.php(507): CodeIgniter\CodeIgniter->runController()
 9 SYSTEMPATH/CodeIgniter.php(354): CodeIgniter\CodeIgniter->handleRequest()
10 SYSTEMPATH/Boot.php(334): CodeIgniter\CodeIgniter->run()
11 SYSTEMPATH/Boot.php(67): CodeIgniter\Boot::runCodeIgniter()
12 FCPATH/index.php(56): CodeIgniter\Boot::bootWeb()
CRITICAL - 2025-04-15 02:17:40 --> [Caused by] CodeIgniter\Database\Exceptions\DatabaseException: Unknown column 'application' in 'field list'
in SYSTEMPATH/Database/MySQLi/Connection.php on line 332.
 1 SYSTEMPATH/Database/BaseConnection.php(738): CodeIgniter\Database\MySQLi\Connection->execute()
 2 SYSTEMPATH/Database/BaseConnection.php(652): CodeIgniter\Database\BaseConnection->simpleQuery()
 3 SYSTEMPATH/Database/BaseBuilder.php(2345): CodeIgniter\Database\BaseConnection->query()
 4 SYSTEMPATH/Model.php(394): CodeIgniter\Database\BaseBuilder->insert()
 5 SYSTEMPATH/BaseModel.php(843): CodeIgniter\Model->doInsert()
 6 SYSTEMPATH/Model.php(800): CodeIgniter\BaseModel->insert()
 7 APPPATH/Models/Md_formregistration.php(40): CodeIgniter\Model->insert()
 8 APPPATH/Controllers/Formapply.php(53): App\Models\Md_formregistration->fn_submit()
 9 SYSTEMPATH/CodeIgniter.php(933): App\Controllers\Formapply->fn_submitdataregistration()
10 SYSTEMPATH/CodeIgniter.php(507): CodeIgniter\CodeIgniter->runController()
11 SYSTEMPATH/CodeIgniter.php(354): CodeIgniter\CodeIgniter->handleRequest()
12 SYSTEMPATH/Boot.php(334): CodeIgniter\CodeIgniter->run()
13 SYSTEMPATH/Boot.php(67): CodeIgniter\Boot::runCodeIgniter()
14 FCPATH/index.php(56): CodeIgniter\Boot::bootWeb()
CRITICAL - 2025-04-15 02:17:40 --> [Caused by] mysqli_sql_exception: Unknown column 'application' in 'field list'
in SYSTEMPATH/Database/MySQLi/Connection.php on line 327.
 1 SYSTEMPATH/Database/MySQLi/Connection.php(327): mysqli->query()
 2 SYSTEMPATH/Database/BaseConnection.php(738): CodeIgniter\Database\MySQLi\Connection->execute()
 3 SYSTEMPATH/Database/BaseConnection.php(652): CodeIgniter\Database\BaseConnection->simpleQuery()
 4 SYSTEMPATH/Database/BaseBuilder.php(2345): CodeIgniter\Database\BaseConnection->query()
 5 SYSTEMPATH/Model.php(394): CodeIgniter\Database\BaseBuilder->insert()
 6 SYSTEMPATH/BaseModel.php(843): CodeIgniter\Model->doInsert()
 7 SYSTEMPATH/Model.php(800): CodeIgniter\BaseModel->insert()
 8 APPPATH/Models/Md_formregistration.php(40): CodeIgniter\Model->insert()
 9 APPPATH/Controllers/Formapply.php(53): App\Models\Md_formregistration->fn_submit()
10 SYSTEMPATH/CodeIgniter.php(933): App\Controllers\Formapply->fn_submitdataregistration()
11 SYSTEMPATH/CodeIgniter.php(507): CodeIgniter\CodeIgniter->runController()
12 SYSTEMPATH/CodeIgniter.php(354): CodeIgniter\CodeIgniter->handleRequest()
13 SYSTEMPATH/Boot.php(334): CodeIgniter\CodeIgniter->run()
14 SYSTEMPATH/Boot.php(67): CodeIgniter\Boot::runCodeIgniter()
15 FCPATH/index.php(56): CodeIgniter\Boot::bootWeb()
WARNING - 2025-04-15 02:23:31 --> [DEPRECATED] Creation of dynamic property App\Controllers\Formapply::$Md_formregistration is deprecated in APPPATH/Controllers/Formapply.php on line 10.
 1 SYSTEMPATH/CodeIgniter.php(903): App\Controllers\Formapply->__construct()
 2 SYSTEMPATH/CodeIgniter.php(498): CodeIgniter\CodeIgniter->createController()
 3 SYSTEMPATH/CodeIgniter.php(354): CodeIgniter\CodeIgniter->handleRequest(null, Object(Config\Cache), false)
 4 SYSTEMPATH/Boot.php(334): CodeIgniter\CodeIgniter->run()
 5 SYSTEMPATH/Boot.php(67): CodeIgniter\Boot::runCodeIgniter(Object(CodeIgniter\CodeIgniter))
 6 FCPATH/index.php(56): CodeIgniter\Boot::bootWeb(Object(Config\Paths))
WARNING - 2025-04-15 02:24:24 --> [DEPRECATED] Creation of dynamic property App\Controllers\Formapply::$Md_formregistration is deprecated in APPPATH/Controllers/Formapply.php on line 10.
 1 SYSTEMPATH/CodeIgniter.php(903): App\Controllers\Formapply->__construct()
 2 SYSTEMPATH/CodeIgniter.php(498): CodeIgniter\CodeIgniter->createController()
 3 SYSTEMPATH/CodeIgniter.php(354): CodeIgniter\CodeIgniter->handleRequest(null, Object(Config\Cache), false)
 4 SYSTEMPATH/Boot.php(334): CodeIgniter\CodeIgniter->run()
 5 SYSTEMPATH/Boot.php(67): CodeIgniter\Boot::runCodeIgniter(Object(CodeIgniter\CodeIgniter))
 6 FCPATH/index.php(56): CodeIgniter\Boot::bootWeb(Object(Config\Paths))
WARNING - 2025-04-15 02:38:41 --> [DEPRECATED] Creation of dynamic property App\Controllers\Formapply::$Md_formregistration is deprecated in APPPATH/Controllers/Formapply.php on line 10.
 1 SYSTEMPATH/CodeIgniter.php(903): App\Controllers\Formapply->__construct()
 2 SYSTEMPATH/CodeIgniter.php(498): CodeIgniter\CodeIgniter->createController()
 3 SYSTEMPATH/CodeIgniter.php(354): CodeIgniter\CodeIgniter->handleRequest(null, Object(Config\Cache), false)
 4 SYSTEMPATH/Boot.php(334): CodeIgniter\CodeIgniter->run()
 5 SYSTEMPATH/Boot.php(67): CodeIgniter\Boot::runCodeIgniter(Object(CodeIgniter\CodeIgniter))
 6 FCPATH/index.php(56): CodeIgniter\Boot::bootWeb(Object(Config\Paths))
WARNING - 2025-04-15 04:26:24 --> [DEPRECATED] Creation of dynamic property App\Controllers\Formapply::$Md_formregistration is deprecated in APPPATH/Controllers/Formapply.php on line 10.
 1 SYSTEMPATH/CodeIgniter.php(903): App\Controllers\Formapply->__construct()
 2 SYSTEMPATH/CodeIgniter.php(498): CodeIgniter\CodeIgniter->createController()
 3 SYSTEMPATH/CodeIgniter.php(354): CodeIgniter\CodeIgniter->handleRequest(null, Object(Config\Cache), false)
 4 SYSTEMPATH/Boot.php(334): CodeIgniter\CodeIgniter->run()
 5 SYSTEMPATH/Boot.php(67): CodeIgniter\Boot::runCodeIgniter(Object(CodeIgniter\CodeIgniter))
 6 FCPATH/index.php(56): CodeIgniter\Boot::bootWeb(Object(Config\Paths))
WARNING - 2025-04-15 06:49:40 --> [DEPRECATED] Creation of dynamic property App\Controllers\Formapply::$Md_formregistration is deprecated in APPPATH/Controllers/Formapply.php on line 10.
 1 SYSTEMPATH/CodeIgniter.php(903): App\Controllers\Formapply->__construct()
 2 SYSTEMPATH/CodeIgniter.php(498): CodeIgniter\CodeIgniter->createController()
 3 SYSTEMPATH/CodeIgniter.php(354): CodeIgniter\CodeIgniter->handleRequest(null, Object(Config\Cache), false)
 4 SYSTEMPATH/Boot.php(334): CodeIgniter\CodeIgniter->run()
 5 SYSTEMPATH/Boot.php(67): CodeIgniter\Boot::runCodeIgniter(Object(CodeIgniter\CodeIgniter))
 6 FCPATH/index.php(56): CodeIgniter\Boot::bootWeb(Object(Config\Paths))
WARNING - 2025-04-15 09:30:28 --> [DEPRECATED] Creation of dynamic property App\Controllers\Formapply::$Md_formregistration is deprecated in APPPATH/Controllers/Formapply.php on line 10.
 1 SYSTEMPATH/CodeIgniter.php(903): App\Controllers\Formapply->__construct()
 2 SYSTEMPATH/CodeIgniter.php(498): CodeIgniter\CodeIgniter->createController()
 3 SYSTEMPATH/CodeIgniter.php(354): CodeIgniter\CodeIgniter->handleRequest(null, Object(Config\Cache), false)
 4 SYSTEMPATH/Boot.php(334): CodeIgniter\CodeIgniter->run()
 5 SYSTEMPATH/Boot.php(67): CodeIgniter\Boot::runCodeIgniter(Object(CodeIgniter\CodeIgniter))
 6 FCPATH/index.php(56): CodeIgniter\Boot::bootWeb(Object(Config\Paths))
WARNING - 2025-04-15 09:51:42 --> [DEPRECATED] Creation of dynamic property App\Controllers\Formapply::$Md_formregistration is deprecated in APPPATH/Controllers/Formapply.php on line 10.
 1 SYSTEMPATH/CodeIgniter.php(903): App\Controllers\Formapply->__construct()
 2 SYSTEMPATH/CodeIgniter.php(498): CodeIgniter\CodeIgniter->createController()
 3 SYSTEMPATH/CodeIgniter.php(354): CodeIgniter\CodeIgniter->handleRequest(null, Object(Config\Cache), false)
 4 SYSTEMPATH/Boot.php(334): CodeIgniter\CodeIgniter->run()
 5 SYSTEMPATH/Boot.php(67): CodeIgniter\Boot::runCodeIgniter(Object(CodeIgniter\CodeIgniter))
 6 FCPATH/index.php(56): CodeIgniter\Boot::bootWeb(Object(Config\Paths))
WARNING - 2025-04-15 09:58:14 --> [DEPRECATED] Creation of dynamic property App\Controllers\Formapply::$Md_formregistration is deprecated in APPPATH/Controllers/Formapply.php on line 10.
 1 SYSTEMPATH/CodeIgniter.php(903): App\Controllers\Formapply->__construct()
 2 SYSTEMPATH/CodeIgniter.php(498): CodeIgniter\CodeIgniter->createController()
 3 SYSTEMPATH/CodeIgniter.php(354): CodeIgniter\CodeIgniter->handleRequest(null, Object(Config\Cache), false)
 4 SYSTEMPATH/Boot.php(334): CodeIgniter\CodeIgniter->run()
 5 SYSTEMPATH/Boot.php(67): CodeIgniter\Boot::runCodeIgniter(Object(CodeIgniter\CodeIgniter))
 6 FCPATH/index.php(56): CodeIgniter\Boot::bootWeb(Object(Config\Paths))
CRITICAL - 2025-04-15 10:52:06 --> Error: Class "App\Models\Md_adminpanel" not found
[Method: GET, Route: admin]
in APPPATH/Controllers/Admin.php on line 10.
 1 SYSTEMPATH/CodeIgniter.php(903): App\Controllers\Admin->__construct()
 2 SYSTEMPATH/CodeIgniter.php(498): CodeIgniter\CodeIgniter->createController()
 3 SYSTEMPATH/CodeIgniter.php(354): CodeIgniter\CodeIgniter->handleRequest()
 4 SYSTEMPATH/Boot.php(334): CodeIgniter\CodeIgniter->run()
 5 SYSTEMPATH/Boot.php(67): CodeIgniter\Boot::runCodeIgniter()
 6 FCPATH/index.php(56): CodeIgniter\Boot::bootWeb()
CRITICAL - 2025-04-15 11:07:24 --> ErrorException: include(layoutAdmin/header.php): Failed to open stream: No such file or directory
[Method: GET, Route: admin]
in APPPATH/Views/admin/vw_adminpanel.php on line 2.
 1 APPPATH/Views/admin/vw_adminpanel.php(2): CodeIgniter\Debug\Exceptions->errorHandler()
 2 APPPATH/Views/admin/vw_adminpanel.php(2): include()
 3 SYSTEMPATH/View/View.php(224): include('/home/projectanp/projectCI4/app/Views/admin/vw_adminpanel.php')
 4 SYSTEMPATH/View/View.php(227): CodeIgniter\View\View->CodeIgniter\View\{closure}()
 5 SYSTEMPATH/Common.php(1173): CodeIgniter\View\View->render()
 6 APPPATH/Controllers/Admin.php(16): view()
 7 SYSTEMPATH/CodeIgniter.php(933): App\Controllers\Admin->fn_getadminpanel()
 8 SYSTEMPATH/CodeIgniter.php(507): CodeIgniter\CodeIgniter->runController()
 9 SYSTEMPATH/CodeIgniter.php(354): CodeIgniter\CodeIgniter->handleRequest()
10 SYSTEMPATH/Boot.php(334): CodeIgniter\CodeIgniter->run()
11 SYSTEMPATH/Boot.php(67): CodeIgniter\Boot::runCodeIgniter()
12 FCPATH/index.php(56): CodeIgniter\Boot::bootWeb()
